Using configuration profile from file: /home/steve/bin/ovpn/steve_w10.ovpn
Session path: /net/openvpn/v3/sessions/b0a97759s3868s4e7dsbf76s582da6d6ef34
session-start: ** ERROR ** Failed to connect: Connection, Client reconnect

Using configuration profile from file: /home/steve/bin/ovpn/steve_w10.ovpn
Session path: /net/openvpn/v3/sessions/5dbd2a12s46d0s4daas8174s995d7d5e5bfd
Using configuration profile from file: /home/steve/bin/ovpn/steve_w10.ovpn
Session path: /net/openvpn/v3/sessions/6cde90a1s8b09s45fbsb0a9sa20a52d20571
session-start: ** ERROR ** Failed to connect: Connection, Client reconnect

session-start: ** ERROR ** Failed to connect: Connection, Client reconnect

Using configuration profile from file: /home/steve/bin/ovpn/steve_w10.ovpn
Session path: /net/openvpn/v3/sessions/f03ac3d6sf294s47basa808s4ad871e5035f
Connected
Using configuration profile from file: /home/steve/bin/ovpn/steve_w10.ovpn
Session path: /net/openvpn/v3/sessions/2a457ce8s724as44a3sa17as14ae5583efba
Connected
Using configuration profile from file: /home/steve/bin/ovpn/steve_w10.ovpn
Session path: /net/openvpn/v3/sessions/404dd15asa874s4774sa021se26c1d92cd38
Connected
Using configuration profile from file: /home/steve/bin/ovpn/steve_w10.ovpn
Session path: /net/openvpn/v3/sessions/8349cef8s93e9s485dsbed2s2ec8af3b3e42
Connected
Using configuration profile from file: /home/steve/bin/ovpn/steve_w10.ovpn
Session path: /net/openvpn/v3/sessions/c28355b1s5723s4a21sa60fsac516e27b51a
Connected
Using configuration profile from file: /home/steve/bin/ovpn/steve_w10.ovpn
Session path: /net/openvpn/v3/sessions/22f2d100s7f10s4a76s8d5bs1e35536dda0b
Connected
Using configuration profile from file: /home/steve/bin/ovpn/steve_w10.ovpn
Session path: /net/openvpn/v3/sessions/29e000a4se49cs44a1sb7b1s15fed50c9bb2
Connected
Using configuration profile from file: /home/steve/bin/ovpn/steve_w10.ovpn
Session path: /net/openvpn/v3/sessions/150a8dd1sc712s4c6asb90esa68c3f9ff7ad
Connected
Using configuration profile from file: /home/steve/bin/ovpn/steve_w10.ovpn
Session path: /net/openvpn/v3/sessions/7e70fa0bse885s46f2s8b75s881a02866a13
Using configuration profile from file: /home/steve/bin/ovpn/steve_w10.ovpn
Session path: /net/openvpn/v3/sessions/c2a90883sd9bes489cs8766sb86eecf453e1
session-start: ** ERROR ** Failed to connect: Connection, Client reconnect

session-start: ** ERROR ** Failed to connect: Connection, Client reconnect

Using configuration profile from file: /home/steve/bin/ovpn/steve_w10.ovpn
Session path: /net/openvpn/v3/sessions/c2732bebsaa1fs4432sa298sf36292ebcdef
Using configuration profile from file: /home/steve/bin/ovpn/steve_w10.ovpn
Session path: /net/openvpn/v3/sessions/f46b8a89s9e35s4577sb30ds3c770be47c9a
session-start: ** ERROR ** Failed to connect: Connection, Client reconnect

session-start: ** ERROR ** Failed to connect: Connection, Client reconnect

Using configuration profile from file: /home/steve/bin/ovpn/steve_w10.ovpn
Session path: /net/openvpn/v3/sessions/14d0da05s41ebs4133s9e5es350dd6459238
session-start: ** ERROR ** Failed to connect: Connection, Client reconnect

Using configuration profile from file: /home/steve/bin/ovpn/steve_w10.ovpn
Session path: /net/openvpn/v3/sessions/9e3834a8se576s4d09s8c0dsb008f123d373
session-start: ** ERROR ** Failed to connect: Connection, Client reconnect

Using configuration profile from file: /home/steve/bin/ovpn/steve_w10.ovpn
Session path: /net/openvpn/v3/sessions/8d1c4663sbd00s4940s9539sd41d8cbc41c0
session-start: ** ERROR ** Failed to connect: Connection, Client reconnect

Using configuration profile from file: /home/steve/bin/ovpn/steve_w10.ovpn
Session path: /net/openvpn/v3/sessions/14fde1b1s77afs43a8sbc5ds3f408e7b1e6c
session-start: ** ERROR ** Failed to connect: Connection, Client reconnect

Using configuration profile from file: /home/steve/bin/ovpn/steve_w10.ovpn
Session path: /net/openvpn/v3/sessions/3f37b569sebe9s42absa506s5e70871f11e8
Connected
Using configuration profile from file: /home/steve/bin/ovpn/steve_w10.ovpn
Session path: /net/openvpn/v3/sessions/43ec0ffcsb081s4fe1s8e00s570355d6dd21
Connected
Using configuration profile from file: /home/steve/bin/ovpn/steve_w10.ovpn
Session path: /net/openvpn/v3/sessions/964e73fas4a03s46d5s8afcs9ac82d89c96f
Connected
Using configuration profile from file: /home/steve/bin/ovpn/steve_w10.ovpn
Session path: /net/openvpn/v3/sessions/e76067fbs1608s4982sb636s619c53b13299
Connected
Using configuration profile from file: /home/steve/bin/ovpn/steve_w10.ovpn
Session path: /net/openvpn/v3/sessions/3b383821s436fs43desad3bsb0f3fedd7688
Connected
Using configuration profile from file: /home/steve/bin/ovpn/steve_w10.ovpn
Session path: /net/openvpn/v3/sessions/6ae3d423s206fs416csb2d7s880a58d5fc9e
Connected
Using configuration profile from file: /home/steve/bin/ovpn/steve_w10.ovpn
Session path: /net/openvpn/v3/sessions/e81aab2as34f3s4fc4s9496s4052d0d6b97d
Connected
Using configuration profile from file: /home/steve/bin/ovpn/steve_w10.ovpn
Session path: /net/openvpn/v3/sessions/cd2e4562sb309s463fs94e6s0d121d0bc01a
Connected
config-import: ** ERROR ** ERR_PROFILE_GENERIC: cannot open for read: /home/steve/bin/ovpn/steve_w10
config-import: ** ERROR ** ERR_PROFILE_GENERIC: cannot open for read: /home/steve/bin/ovpn/steve_w10
config-import: ** ERROR ** ERR_PROFILE_GENERIC: cannot open for read: /home/steve/bin/ovpn/steve_w10
config-import: ** ERROR ** ERR_PROFILE_GENERIC: cannot open for read: /home/steve/bin/ovpn/steve_w10
Using configuration profile from file: /home/steve/bin/ovpn/steve_w10.ovpn
Session path: /net/openvpn/v3/sessions/eddf994bsca6fs4dabs910ds165937c3b9a0
Connected
